<?xml version="1.0" encoding="UTF-8"?>
<testsuite name="ch.uzh.ifi.seal.soprafs18.service.ExampleServiceTest" tests="1" skipped="0" failures="0" errors="0" timestamp="2018-03-15T15:02:12" hostname="public-docking-hg-1026.ethz.ch" time="0.013">
  <properties/>
  <testcase name="testDoLogic" classname="ch.uzh.ifi.seal.soprafs18.service.ExampleServiceTest" time="0.013"/>
  <system-out><![CDATA[2018-03-15 16:02:12.029  INFO 15712 --- [    Test worker] .b.t.c.SpringBootTestContextBootstrapper : Neither @ContextConfiguration nor @ContextHierarchy found for test class [ch.uzh.ifi.seal.soprafs18.service.ExampleServiceTest], using SpringBootContextLoader
2018-03-15 16:02:12.030  INFO 15712 --- [    Test worker] o.s.t.c.support.AbstractContextLoader    : Could not detect default resource locations for test class [ch.uzh.ifi.seal.soprafs18.service.ExampleServiceTest]: no resource found for suffixes {-context.xml, Context.groovy}.
2018-03-15 16:02:12.036  INFO 15712 --- [    Test worker] .b.t.c.SpringBootTestContextBootstrapper : Loaded default TestExecutionListener class names from location [META-INF/spring.factories]: [org.springframework.boot.test.autoconfigure.restdocs.RestDocsTestExecutionListener, org.springframework.boot.test.autoconfigure.web.client.MockRestServiceServerResetTestExecutionListener, org.springframework.boot.test.autoconfigure.web.servlet.MockMvcPrintOnlyOnFailureTestExecutionListener, org.springframework.boot.test.autoconfigure.web.servlet.WebDriverTestExecutionListener, org.springframework.boot.test.mock.mockito.MockitoTestExecutionListener, org.springframework.boot.test.mock.mockito.ResetMocksTestExecutionListener, org.springframework.test.context.web.ServletTestExecutionListener, org.springframework.test.context.support.DirtiesContextBeforeModesTestExecutionListener, org.springframework.test.context.support.DependencyInjectionTestExecutionListener, org.springframework.test.context.support.DirtiesContextTestExecutionListener, org.springframework.test.context.transaction.TransactionalTestExecutionListener, org.springframework.test.context.jdbc.SqlScriptsTestExecutionListener]
2018-03-15 16:02:12.036  INFO 15712 --- [    Test worker] .b.t.c.SpringBootTestContextBootstrapper : Using TestExecutionListeners: [org.springframework.test.context.web.ServletTestExecutionListener@56ac2d20, org.springframework.test.context.support.DirtiesContextBeforeModesTestExecutionListener@5c8b9426, org.springframework.boot.test.autoconfigure.SpringBootDependencyInjectionTestExecutionListener@34e07401, org.springframework.test.context.support.DirtiesContextTestExecutionListener@6f3ad48d, org.springframework.test.context.transaction.TransactionalTestExecutionListener@58482167, org.springframework.test.context.jdbc.SqlScriptsTestExecutionListener@5862a4ec, org.springframework.boot.test.autoconfigure.restdocs.RestDocsTestExecutionListener@6f95939d, org.springframework.boot.test.autoconfigure.web.client.MockRestServiceServerResetTestExecutionListener@5632ac5e, org.springframework.boot.test.autoconfigure.web.servlet.MockMvcPrintOnlyOnFailureTestExecutionListener@4f68ece6, org.springframework.boot.test.autoconfigure.web.servlet.WebDriverTestExecutionListener@2607423, org.springframework.boot.test.mock.mockito.MockitoTestExecutionListener@412a1689, org.springframework.boot.test.mock.mockito.ResetMocksTestExecutionListener@23902ae]
]]></system-out>
  <system-err><![CDATA[]]></system-err>
</testsuite>
