<?xml version="1.0" encoding="UTF-8"?>
<testsuite name="ch.uzh.ifi.seal.soprafs18.service.UserServiceTest" tests="2" skipped="0" failures="0" errors="0" timestamp="2018-03-15T15:02:11" hostname="public-docking-hg-1026.ethz.ch" time="0.632">
  <properties/>
  <testcase name="createUser" classname="ch.uzh.ifi.seal.soprafs18.service.UserServiceTest" time="0.583"/>
  <testcase name="deleteUser" classname="ch.uzh.ifi.seal.soprafs18.service.UserServiceTest" time="0.047"/>
  <system-out><![CDATA[16:02:01.883 [Test worker] DEBUG org.springframework.test.context.junit4.SpringJUnit4ClassRunner - SpringJUnit4ClassRunner constructor called with [class ch.uzh.ifi.seal.soprafs18.service.UserServiceTest]
16:02:01.905 [Test worker] DEBUG org.springframework.test.context.BootstrapUtils - Instantiating CacheAwareContextLoaderDelegate from class [org.springframework.test.context.cache.DefaultCacheAwareContextLoaderDelegate]
16:02:01.928 [Test worker] DEBUG org.springframework.test.context.BootstrapUtils - Instantiating BootstrapContext using constructor [public org.springframework.test.context.support.DefaultBootstrapContext(java.lang.Class,org.springframework.test.context.CacheAwareContextLoaderDelegate)]
16:02:01.968 [Test worker] DEBUG org.springframework.test.context.BootstrapUtils - Instantiating TestContextBootstrapper for test class [ch.uzh.ifi.seal.soprafs18.service.UserServiceTest] from class [org.springframework.boot.test.context.SpringBootTestContextBootstrapper]
16:02:02.002 [Test worker] INFO org.springframework.boot.test.context.SpringBootTestContextBootstrapper - Neither @ContextConfiguration nor @ContextHierarchy found for test class [ch.uzh.ifi.seal.soprafs18.service.UserServiceTest], using SpringBootContextLoader
16:02:02.015 [Test worker] DEBUG org.springframework.test.context.support.AbstractContextLoader - Did not detect default resource location for test class [ch.uzh.ifi.seal.soprafs18.service.UserServiceTest]: class path resource [ch/uzh/ifi/seal/soprafs18/service/UserServiceTest-context.xml] does not exist
16:02:02.024 [Test worker] DEBUG org.springframework.test.context.support.AbstractContextLoader - Did not detect default resource location for test class [ch.uzh.ifi.seal.soprafs18.service.UserServiceTest]: class path resource [ch/uzh/ifi/seal/soprafs18/service/UserServiceTestContext.groovy] does not exist
16:02:02.024 [Test worker] INFO org.springframework.test.context.support.AbstractContextLoader - Could not detect default resource locations for test class [ch.uzh.ifi.seal.soprafs18.service.UserServiceTest]: no resource found for suffixes {-context.xml, Context.groovy}.
16:02:02.135 [Test worker] DEBUG org.springframework.test.context.support.ActiveProfilesUtils - Could not find an 'annotation declaring class' for annotation type [org.springframework.test.context.ActiveProfiles] and class [ch.uzh.ifi.seal.soprafs18.service.UserServiceTest]
16:02:02.451 [Test worker] DEBUG org.springframework.boot.test.context.SpringBootTestContextBootstrapper - @TestExecutionListeners is not present for class [ch.uzh.ifi.seal.soprafs18.service.UserServiceTest]: using defaults.
16:02:02.453 [Test worker] INFO org.springframework.boot.test.context.SpringBootTestContextBootstrapper - Loaded default TestExecutionListener class names from location [META-INF/spring.factories]: [org.springframework.boot.test.autoconfigure.restdocs.RestDocsTestExecutionListener, org.springframework.boot.test.autoconfigure.web.client.MockRestServiceServerResetTestExecutionListener, org.springframework.boot.test.autoconfigure.web.servlet.MockMvcPrintOnlyOnFailureTestExecutionListener, org.springframework.boot.test.autoconfigure.web.servlet.WebDriverTestExecutionListener, org.springframework.boot.test.mock.mockito.MockitoTestExecutionListener, org.springframework.boot.test.mock.mockito.ResetMocksTestExecutionListener, org.springframework.test.context.web.ServletTestExecutionListener, org.springframework.test.context.support.DirtiesContextBeforeModesTestExecutionListener, org.springframework.test.context.support.DependencyInjectionTestExecutionListener, org.springframework.test.context.support.DirtiesContextTestExecutionListener, org.springframework.test.context.transaction.TransactionalTestExecutionListener, org.springframework.test.context.jdbc.SqlScriptsTestExecutionListener]
16:02:02.503 [Test worker] INFO org.springframework.boot.test.context.SpringBootTestContextBootstrapper - Using TestExecutionListeners: [org.springframework.test.context.web.ServletTestExecutionListener@14b0da06, org.springframework.test.context.support.DirtiesContextBeforeModesTestExecutionListener@2282ad02, org.springframework.boot.test.autoconfigure.SpringBootDependencyInjectionTestExecutionListener@7e535de9, org.springframework.test.context.support.DirtiesContextTestExecutionListener@1cf3c4b2, org.springframework.test.context.transaction.TransactionalTestExecutionListener@e015dc0, org.springframework.test.context.jdbc.SqlScriptsTestExecutionListener@39dc0bbf, org.springframework.boot.test.autoconfigure.restdocs.RestDocsTestExecutionListener@5d04a578, org.springframework.boot.test.autoconfigure.web.client.MockRestServiceServerResetTestExecutionListener@5fd02c3e, org.springframework.boot.test.autoconfigure.web.servlet.MockMvcPrintOnlyOnFailureTestExecutionListener@5b3b9559, org.springframework.boot.test.autoconfigure.web.servlet.WebDriverTestExecutionListener@263ec72, org.springframework.boot.test.mock.mockito.MockitoTestExecutionListener@7a34b623, org.springframework.boot.test.mock.mockito.ResetMocksTestExecutionListener@245bc487]
16:02:02.511 [Test worker] DEBUG org.springframework.test.annotation.ProfileValueUtils - Retrieved @ProfileValueSourceConfiguration [null] for test class [ch.uzh.ifi.seal.soprafs18.service.UserServiceTest]
16:02:02.513 [Test worker] DEBUG org.springframework.test.annotation.ProfileValueUtils - Retrieved ProfileValueSource type [class org.springframework.test.annotation.SystemProfileValueSource] for class [ch.uzh.ifi.seal.soprafs18.service.UserServiceTest]
16:02:02.514 [Test worker] DEBUG org.springframework.test.annotation.ProfileValueUtils - Retrieved @ProfileValueSourceConfiguration [null] for test class [ch.uzh.ifi.seal.soprafs18.service.UserServiceTest]
16:02:02.515 [Test worker] DEBUG org.springframework.test.annotation.ProfileValueUtils - Retrieved ProfileValueSource type [class org.springframework.test.annotation.SystemProfileValueSource] for class [ch.uzh.ifi.seal.soprafs18.service.UserServiceTest]
16:02:02.525 [Test worker] DEBUG org.springframework.test.context.support.AbstractDirtiesContextTestExecutionListener - Before test class: context [DefaultTestContext@712f6270 testClass = UserServiceTest, testInstance = [null], testMethod = [null], testException = [null], mergedContextConfiguration = [WebMergedContextConfiguration@7dd781e9 testClass = UserServiceTest, locations = '{}', classes = '{class ch.uzh.ifi.seal.soprafs18.Application, class ch.uzh.ifi.seal.soprafs18.Application}', contextInitializerClasses = '[]', activeProfiles = '{}', propertySourceLocations = '{}', propertySourceProperties = '{org.springframework.boot.test.context.SpringBootTestContextBootstrapper=true}', contextCustomizers = set[org.springframework.boot.test.autoconfigure.properties.PropertyMappingContextCustomizer@0, org.springframework.boot.test.autoconfigure.web.servlet.WebDriverContextCustomizerFactory$Customizer@15b73934, org.springframework.boot.test.context.filter.ExcludeFilterContextCustomizer@77f4569a, org.springframework.boot.test.json.DuplicateJsonObjectContextCustomizerFactory$DuplicateJsonObjectContextCustomizer@27db3488, org.springframework.boot.test.mock.mockito.MockitoContextCustomizer@0, org.springframework.boot.test.web.client.TestRestTemplateTestContextCustomizer@6e4b8f0b, org.springframework.test.context.web.socket.MockServerContainerContextCustomizer@7636fff7], resourceBasePath = 'src/main/webapp', contextLoader = 'org.springframework.boot.test.context.SpringBootContextLoader', parent = [null]], attributes = map['org.springframework.test.context.web.ServletTestExecutionListener.activateListener' -> true]], class annotated with @DirtiesContext [false] with mode [null].
16:02:02.528 [Test worker] DEBUG org.springframework.test.annotation.ProfileValueUtils - Retrieved @ProfileValueSourceConfiguration [null] for test class [ch.uzh.ifi.seal.soprafs18.service.UserServiceTest]
16:02:02.528 [Test worker] DEBUG org.springframework.test.annotation.ProfileValueUtils - Retrieved ProfileValueSource type [class org.springframework.test.annotation.SystemProfileValueSource] for class [ch.uzh.ifi.seal.soprafs18.service.UserServiceTest]
16:02:02.587 [Test worker] DEBUG org.springframework.core.env.StandardEnvironment - Adding PropertySource 'systemProperties' with lowest search precedence
16:02:02.588 [Test worker] DEBUG org.springframework.core.env.StandardEnvironment - Adding PropertySource 'systemEnvironment' with lowest search precedence
16:02:02.589 [Test worker] DEBUG org.springframework.core.env.StandardEnvironment - Initialized StandardEnvironment with PropertySources [MapPropertySource@1502104331 {name='systemProperties', properties={java.runtime.name=Java(TM) SE Runtime Environment, sun.boot.library.path=/Library/Java/JavaVirtualMachines/jdk1.8.0_161.jdk/Contents/Home/jre/lib, java.vm.version=25.161-b12, gopherProxySet=false, java.vm.vendor=Oracle Corporation, java.vendor.url=http://java.oracle.com/, path.separator=:, java.vm.name=Java HotSpot(TM) 64-Bit Server VM, file.encoding.pkg=sun.io, sun.java.launcher=SUN_STANDARD, user.country=CH, sun.os.patch.level=unknown, java.vm.specification.name=Java Virtual Machine Specification, user.dir=/Users/amadeocharle/Desktop/SoPra/sopra-fs18-template-server, java.runtime.version=1.8.0_161-b12, java.awt.graphicsenv=sun.awt.CGraphicsEnvironment, java.endorsed.dirs=/Library/Java/JavaVirtualMachines/jdk1.8.0_161.jdk/Contents/Home/jre/lib/endorsed, os.arch=x86_64, java.io.tmpdir=/var/folders/zp/j8qgfqp16_nf30zyf8jrwww80000gn/T/, line.separator=
, java.vm.specification.vendor=Oracle Corporation, user.variant=, os.name=Mac OS X, sun.jnu.encoding=UTF-8, java.library.path=/Users/amadeocharle/Library/Java/Extensions:/Library/Java/Extensions:/Network/Library/Java/Extensions:/System/Library/Java/Extensions:/usr/lib/java:., java.specification.name=Java Platform API Specification, java.class.version=52.0, org.gradle.native=false, sun.management.compiler=HotSpot 64-Bit Tiered Compilers, os.version=10.13.1, http.nonProxyHosts=local|*.local|169.254/16|*.169.254/16, user.home=/Users/amadeocharle, user.timezone=Europe/Zurich, java.awt.printerjob=sun.lwawt.macosx.CPrinterJob, file.encoding=UTF-8, java.specification.version=1.8, java.class.path=/Users/amadeocharle/Desktop/SoPra/sopra-fs18-template-server/build/classes/java/test:/Users/amadeocharle/Desktop/SoPra/sopra-fs18-template-server/build/resources/test:/Users/amadeocharle/Desktop/SoPra/sopra-fs18-template-server/build/classes/java/main:/Users/amadeocharle/Desktop/SoPra/sopra-fs18-template-server/build/resources/main:/Users/amadeocharle/.gradle/caches/modules-2/files-2.1/org.springframework.boot/spring-boot-starter-data-jpa/2.0.0.RC1/dfd1f76cb7452b608b411e8d457cdb93af46d3a3/spring-boot-starter-data-jpa-2.0.0.RC1.jar:/Users/amadeocharle/.gradle/caches/modules-2/files-2.1/org.springframework.boot/spring-boot-starter-web/2.0.0.RC1/371b7248b6d1e4e5e17803adc091379df8779cff/spring-boot-starter-web-2.0.0.RC1.jar:/Users/amadeocharle/.gradle/caches/modules-2/files-2.1/com.h2database/h2/1.4.196/dd0034398d593aa3588c6773faac429bbd9aea0e/h2-1.4.196.jar:/Users/amadeocharle/.gradle/caches/modules-2/files-2.1/org.springframework.boot/spring-boot-starter-test/2.0.0.RC1/aa8971c22f063aeb6036931683808190875bd10b/spring-boot-starter-test-2.0.0.RC1.jar:/Users/amadeocharle/.gradle/caches/modules-2/files-2.1/org.springframework.boot/spring-boot-starter-aop/2.0.0.RC1/78c7892e3573642e001dc445bdd88e8b8a1ec30b/spring-boot-starter-aop-2.0.0.RC1.jar:/Users/amadeocharle/.gradle/caches/modules-2/files-2.1/org.springframework.boot/spring-boot-starter-jdbc/2.0.0.RC1/2369b4c4d75da4cdd8c2d9b3df862b78d989748a/spring-boot-starter-jdbc-2.0.0.RC1.jar:/Users/amadeocharle/.gradle/caches/modules-2/files-2.1/org.springframework.boot/spring-boot-starter-json/2.0.0.RC1/9742f2d9511b570b5d77b502ba0b8ae6e85722b0/spring-boot-starter-json-2.0.0.RC1.jar:/Users/amadeocharle/.gradle/caches/modules-2/files-2.1/org.springframework.boot/spring-boot-starter/2.0.0.RC1/16674d8e982d50b0d68046d191c52d2c14a0d24c/spring-boot-starter-2.0.0.RC1.jar:/Users/amadeocharle/.gradle/caches/modules-2/files-2.1/org.hibernate/hibernate-core/5.2.12.Final/ea479b6692e22c9b642dd4142db670e92d106544/hibernate-core-5.2.12.Final.jar:/Users/amadeocharle/.gradle/caches/modules-2/files-2.1/javax.transaction/javax.transaction-api/1.2/d81aff979d603edd90dcd8db2abc1f4ce6479e3e/javax.transaction-api-1.2.jar:/Users/amadeocharle/.gradle/caches/modules-2/files-2.1/org.springframework.data/spring-data-jpa/2.0.3.RELEASE/a88dbb9ca8957b34f37d5db7415d53b472e956d3/spring-data-jpa-2.0.3.RELEASE.jar:/Users/amadeocharle/.gradle/caches/modules-2/files-2.1/org.springframework/spring-aspects/5.0.3.RELEASE/8e1f82ef89bd74264e8aa4106b0a87029ce329ba/spring-aspects-5.0.3.RELEASE.jar:/Users/amadeocharle/.gradle/caches/modules-2/files-2.1/org.springframework.boot/spring-boot-starter-tomcat/2.0.0.RC1/49e790b6257495beda71b28f30505e760d1caa93/spring-boot-starter-tomcat-2.0.0.RC1.jar:/Users/amadeocharle/.gradle/caches/modules-2/files-2.1/org.hibernate.validator/hibernate-validator/6.0.7.Final/8b9d9c7ec8c73963ea0fe81912fc67711a4ef76/hibernate-validator-6.0.7.Final.jar:/Users/amadeocharle/.gradle/caches/modules-2/files-2.1/org.springframework/spring-webmvc/5.0.3.RELEASE/ded72f3634f4fb5989b2ee145faa72a4430843c5/spring-webmvc-5.0.3.RELEASE.jar:/Users/amadeocharle/.gradle/caches/modules-2/files-2.1/org.springframework/spring-web/5.0.3.RELEASE/5266e04bf799e523bfe163f0e5520799c216cbfb/spring-web-5.0.3.RELEASE.jar:/Users/amadeocharle/.gradle/caches/modules-2/files-2.1/org.springframework.boot/spring-boot-test-autoconfigure/2.0.0.RC1/a7a3d7421feba83807c5bb07d079a36a1edfd68f/spring-boot-test-autoconfigure-2.0.0.RC1.jar:/Users/amadeocharle/.gradle/caches/modules-2/files-2.1/org.springframework.boot/spring-boot-test/2.0.0.RC1/3725271706f61a5a1c8bddebf6cd6ce177a7a601/spring-boot-test-2.0.0.RC1.jar:/Users/amadeocharle/.gradle/caches/modules-2/files-2.1/com.jayway.jsonpath/json-path/2.4.0/765a4401ceb2dc8d40553c2075eb80a8fa35c2ae/json-path-2.4.0.jar:/Users/amadeocharle/.gradle/caches/modules-2/files-2.1/junit/junit/4.12/2973d150c0dc1fefe998f834810d68f278ea58ec/junit-4.12.jar:/Users/amadeocharle/.gradle/caches/modules-2/files-2.1/org.assertj/assertj-core/3.9.0/de324a44efe19b9222d2218f7ac3102d728497d8/assertj-core-3.9.0.jar:/Users/amadeocharle/.gradle/caches/modules-2/files-2.1/org.mockito/mockito-core/2.13.0/8e372943974e4a121fb8617baced8ebfe46d54f0/mockito-core-2.13.0.jar:/Users/amadeocharle/.gradle/caches/modules-2/files-2.1/org.hamcrest/hamcrest-library/1.3/4785a3c21320980282f9f33d0d1264a69040538f/hamcrest-library-1.3.jar:/Users/amadeocharle/.gradle/caches/modules-2/files-2.1/org.hamcrest/hamcrest-core/1.3/42a25dc3219429f0e5d060061f71acb49bf010a0/hamcrest-core-1.3.jar:/Users/amadeocharle/.gradle/caches/modules-2/files-2.1/org.skyscreamer/jsonassert/1.5.0/6c9d5fe2f59da598d9aefc1cfc6528ff3cf32df3/jsonassert-1.5.0.jar:/Users/amadeocharle/.gradle/caches/modules-2/files-2.1/org.springframework/spring-test/5.0.3.RELEASE/9e1f889fd26a36e2ec1b3b080b652b86e960baf0/spring-test-5.0.3.RELEASE.jar:/Users/amadeocharle/.gradle/caches/modules-2/files-2.1/org.springframework.boot/spring-boot-autoconfigure/2.0.0.RC1/8f0047cbc44852c9aa169f2156a4f430dd366a99/spring-boot-autoconfigure-2.0.0.RC1.jar:/Users/amadeocharle/.gradle/caches/modules-2/files-2.1/org.springframework.boot/spring-boot/2.0.0.RC1/92feecd8f26ee86caf4e87443433ebcb3050047b/spring-boot-2.0.0.RC1.jar:/Users/amadeocharle/.gradle/caches/modules-2/files-2.1/org.springframework/spring-orm/5.0.3.RELEASE/36c02f2975196512783f9a98c7290504c1224689/spring-orm-5.0.3.RELEASE.jar:/Users/amadeocharle/.gradle/caches/modules-2/files-2.1/org.springframework/spring-jdbc/5.0.3.RELEASE/3d9683a2e23a693579ebe762eb7a0a468908603d/spring-jdbc-5.0.3.RELEASE.jar:/Users/amadeocharle/.gradle/caches/modules-2/files-2.1/org.springframework.data/spring-data-commons/2.0.3.RELEASE/5ad306c5d88a7d8c5b12749e5add8671a1ac1414/spring-data-commons-2.0.3.RELEASE.jar:/Users/amadeocharle/.gradle/caches/modules-2/files-2.1/org.springframework/spring-context/5.0.3.RELEASE/a7cb3317167059337d57a6ba92b7a95997322198/spring-context-5.0.3.RELEASE.jar:/Users/amadeocharle/.gradle/caches/modules-2/files-2.1/org.springframework/spring-tx/5.0.3.RELEASE/18cb58265c9d10a1bccc9024ee98c43780f6b344/spring-tx-5.0.3.RELEASE.jar:/Users/amadeocharle/.gradle/caches/modules-2/files-2.1/org.springframework/spring-aop/5.0.3.RELEASE/25019c46a2fae8c0c4a17979665e0613949ea59f/spring-aop-5.0.3.RELEASE.jar:/Users/amadeocharle/.gradle/caches/modules-2/files-2.1/org.springframework/spring-beans/5.0.3.RELEASE/c65a623d51721f6037505ce6c11e5d19edfa1c3a/spring-beans-5.0.3.RELEASE.jar:/Users/amadeocharle/.gradle/caches/modules-2/files-2.1/org.springframework/spring-expression/5.0.3.RELEASE/ffc2e3d88a0b6ac6669e764a71cc3b49001eda21/spring-expression-5.0.3.RELEASE.jar:/Users/amadeocharle/.gradle/caches/modules-2/files-2.1/org.springframework/spring-core/5.0.3.RELEASE/8950eb10c466a77677693dd495d4b6a26de315f4/spring-core-5.0.3.RELEASE.jar:/Users/amadeocharle/.gradle/caches/modules-2/files-2.1/org.xmlunit/xmlunit-core/2.5.1/4ffdb346572a7356f7521cd3119ce5287d2e339d/xmlunit-core-2.5.1.jar:/Users/amadeocharle/.gradle/caches/modules-2/files-2.1/org.springframework.boot/spring-boot-starter-logging/2.0.0.RC1/1f19faea5174c33adf1d8dfe915dbb3711262f32/spring-boot-starter-logging-2.0.0.RC1.jar:/Users/amadeocharle/.gradle/caches/modules-2/files-2.1/javax.annotation/javax.annotation-api/1.3.1/20a2c0583598d68b0835474bbe07792d4f3b219f/javax.annotation-api-1.3.1.jar:/Users/amadeocharle/.gradle/caches/modules-2/files-2.1/org.yaml/snakeyaml/1.19/2d998d3d674b172a588e54ab619854d073f555b5/snakeyaml-1.19.jar:/Users/amadeocharle/.gradle/caches/modules-2/files-2.1/org.aspectj/aspectjweaver/1.8.13/ad94df2a28d658a40dc27bbaff6a1ce5fbf04e9b/aspectjweaver-1.8.13.jar:/Users/amadeocharle/.gradle/caches/modules-2/files-2.1/com.zaxxer/HikariCP/2.7.6/7930c6554acb1adcc7865ec86a27e49337c6e161/HikariCP-2.7.6.jar:/Users/amadeocharle/.gradle/caches/modules-2/files-2.1/org.hibernate.common/hibernate-commons-annotations/5.0.1.Final/71e1cff3fcb20d3b3af4f3363c3ddb24d33c6879/hibernate-commons-annotations-5.0.1.Final.jar:/Users/amadeocharle/.gradle/caches/modules-2/files-2.1/org.jboss.logging/jboss-logging/3.3.1.Final/c46217ab74b532568c0ed31dc599db3048bd1b67/jboss-logging-3.3.1.Final.jar:/Users/amadeocharle/.gradle/caches/modules-2/files-2.1/org.hibernate.javax.persistence/hibernate-jpa-2.1-api/1.0.0.Final/5e731d961297e5a07290bfaf3db1fbc8bbbf405a/hibernate-jpa-2.1-api-1.0.0.Final.jar:/Users/amadeocharle/.gradle/caches/modules-2/files-2.1/org.javassist/javassist/3.22.0-CR2/44eaf0990dea92f4bca4b9931b2239c0e8756ee7/javassist-3.22.0-CR2.jar:/Users/amadeocharle/.gradle/caches/modules-2/files-2.1/antlr/antlr/2.7.7/83cd2cd674a217ade95a4bb83a8a14f351f48bd0/antlr-2.7.7.jar:/Users/amadeocharle/.gradle/caches/modules-2/files-2.1/org.jboss/jandex/2.0.3.Final/bfc4d6257dbff7a33a357f0de116be6ff951d849/jandex-2.0.3.Final.jar:/Users/amadeocharle/.gradle/caches/modules-2/files-2.1/com.fasterxml/classmate/1.3.4/3d5f48f10bbe4eb7bd862f10c0583be2e0053c6/classmate-1.3.4.jar:/Users/amadeocharle/.gradle/caches/modules-2/files-2.1/dom4j/dom4j/1.6.1/5d3ccc056b6f056dbf0dddfdf43894b9065a8f94/dom4j-1.6.1.jar:/Users/amadeocharle/.gradle/caches/modules-2/files-2.1/ch.qos.logback/logback-classic/1.2.3/7c4f3c474fb2c041d8028740440937705ebb473a/logback-classic-1.2.3.jar:/Users/amadeocharle/.gradle/caches/modules-2/files-2.1/org.apache.logging.log4j/log4j-to-slf4j/2.10.0/f7e631ccf49cfc0aefa4a2a728da7d374c05bd3c/log4j-to-slf4j-2.10.0.jar:/Users/amadeocharle/.gradle/caches/modules-2/files-2.1/org.slf4j/jul-to-slf4j/1.7.25/af5364cd6679bfffb114f0dec8a157aaa283b76/jul-to-slf4j-1.7.25.jar:/Users/amadeocharle/.gradle/caches/modules-2/files-2.1/org.slf4j/slf4j-api/1.7.25/da76ca59f6a57ee3102f8f9bd9cee742973efa8a/slf4j-api-1.7.25.jar:/Users/amadeocharle/.gradle/caches/modules-2/files-2.1/com.fasterxml.jackson.datatype/jackson-datatype-jdk8/2.9.2/9b0b7c623262e29c73e8f6a78f6150372d2066f8/jackson-datatype-jdk8-2.9.2.jar:/Users/amadeocharle/.gradle/caches/modules-2/files-2.1/com.fasterxml.jackson.datatype/jackson-datatype-jsr310/2.9.2/e1653d338703d8233cc1ac18c6722510bdaceb4f/jackson-datatype-jsr310-2.9.2.jar:/Users/amadeocharle/.gradle/caches/modules-2/files-2.1/com.fasterxml.jackson.module/jackson-module-parameter-names/2.9.2/be78ca220839b2c53ebd33fd4d580b5a0cacdd5a/jackson-module-parameter-names-2.9.2.jar:/Users/amadeocharle/.gradle/caches/modules-2/files-2.1/com.fasterxml.jackson.core/jackson-databind/2.9.2/1d8d8cb7cf26920ba57fb61fa56da88cc123b21f/jackson-databind-2.9.2.jar:/Users/amadeocharle/.gradle/caches/modules-2/files-2.1/org.apache.tomcat.embed/tomcat-embed-websocket/8.5.27/3cba1c5187a17b0233de5712024d6e144036ba9a/tomcat-embed-websocket-8.5.27.jar:/Users/amadeocharle/.gradle/caches/modules-2/files-2.1/org.apache.tomcat.embed/tomcat-embed-core/8.5.27/a10612f0af27c7bfcc4e8d88393adad1fc5b4ece/tomcat-embed-core-8.5.27.jar:/Users/amadeocharle/.gradle/caches/modules-2/files-2.1/org.apache.tomcat.embed/tomcat-embed-el/8.5.27/5a591bcf5c930d2b37bb40c0f95180604a3b1a57/tomcat-embed-el-8.5.27.jar:/Users/amadeocharle/.gradle/caches/modules-2/files-2.1/javax.validation/validation-api/2.0.1.Final/cb855558e6271b1b32e716d24cb85c7f583ce09e/validation-api-2.0.1.Final.jar:/Users/amadeocharle/.gradle/caches/modules-2/files-2.1/net.minidev/json-smart/2.3/7396407491352ce4fa30de92efb158adb76b5b/json-smart-2.3.jar:/Users/amadeocharle/.gradle/caches/modules-2/files-2.1/net.bytebuddy/byte-buddy/1.7.9/51218a01a882c04d0aba8c028179cce488bbcb58/byte-buddy-1.7.9.jar:/Users/amadeocharle/.gradle/caches/modules-2/files-2.1/net.bytebuddy/byte-buddy-agent/1.7.9/a6c65f9da7f467ee1f02ff2841ffd3155aee2fc9/byte-buddy-agent-1.7.9.jar:/Users/amadeocharle/.gradle/caches/modules-2/files-2.1/org.objenesis/objenesis/2.6/639033469776fd37c08358c6b92a4761feb2af4b/objenesis-2.6.jar:/Users/amadeocharle/.gradle/caches/modules-2/files-2.1/com.vaadin.external.google/android-json/0.0.20131108.vaadin1/fa26d351fe62a6a17f5cda1287c1c6110dec413f/android-json-0.0.20131108.vaadin1.jar:/Users/amadeocharle/.gradle/caches/modules-2/files-2.1/org.springframework/spring-jcl/5.0.3.RELEASE/855919d50380ed6f0ccee7b8d6789f4febdb6660/spring-jcl-5.0.3.RELEASE.jar:/Users/amadeocharle/.gradle/caches/modules-2/files-2.1/com.fasterxml.jackson.core/jackson-annotations/2.9.0/7c10d545325e3a6e72e06381afe469fd40eb701/jackson-annotations-2.9.0.jar:/Users/amadeocharle/.gradle/caches/modules-2/files-2.1/com.fasterxml.jackson.core/jackson-core/2.9.2/aed20e50152a2f19adc1995c8d8f307c7efa414d/jackson-core-2.9.2.jar:/Users/amadeocharle/.gradle/caches/modules-2/files-2.1/net.minidev/accessors-smart/1.2/c592b500269bfde36096641b01238a8350f8aa31/accessors-smart-1.2.jar:/Users/amadeocharle/.gradle/caches/modules-2/files-2.1/ch.qos.logback/logback-core/1.2.3/864344400c3d4d92dfeb0a305dc87d953677c03c/logback-core-1.2.3.jar:/Users/amadeocharle/.gradle/caches/modules-2/files-2.1/org.apache.logging.log4j/log4j-api/2.10.0/fec5797a55b786184a537abd39c3fa1449d752d6/log4j-api-2.10.0.jar:/Users/amadeocharle/.gradle/caches/modules-2/files-2.1/org.ow2.asm/asm/5.0.4/da08b8cce7bbf903602a25a3a163ae252435795/asm-5.0.4.jar, user.name=amadeocharle, java.vm.specification.version=1.8, sun.java.command=worker.org.gradle.process.internal.worker.GradleWorkerMain 'Gradle Test Executor 1', java.home=/Library/Java/JavaVirtualMachines/jdk1.8.0_161.jdk/Contents/Home/jre, sun.arch.data.model=64, user.language=de, java.specification.vendor=Oracle Corporation, awt.toolkit=sun.lwawt.macosx.LWCToolkit, java.vm.info=mixed mode, java.version=1.8.0_161, java.ext.dirs=/Users/amadeocharle/Library/Java/Extensions:/Library/Java/JavaVirtualMachines/jdk1.8.0_161.jdk/Contents/Home/jre/lib/ext:/Library/Java/Extensions:/Network/Library/Java/Extensions:/System/Library/Java/Extensions:/usr/lib/java, sun.boot.class.path=/Library/Java/JavaVirtualMachines/jdk1.8.0_161.jdk/Contents/Home/jre/lib/resources.jar:/Library/Java/JavaVirtualMachines/jdk1.8.0_161.jdk/Contents/Home/jre/lib/rt.jar:/Library/Java/JavaVirtualMachines/jdk1.8.0_161.jdk/Contents/Home/jre/lib/sunrsasign.jar:/Library/Java/JavaVirtualMachines/jdk1.8.0_161.jdk/Contents/Home/jre/lib/jsse.jar:/Library/Java/JavaVirtualMachines/jdk1.8.0_161.jdk/Contents/Home/jre/lib/jce.jar:/Library/Java/JavaVirtualMachines/jdk1.8.0_161.jdk/Contents/Home/jre/lib/charsets.jar:/Library/Java/JavaVirtualMachines/jdk1.8.0_161.jdk/Contents/Home/jre/lib/jfr.jar:/Library/Java/JavaVirtualMachines/jdk1.8.0_161.jdk/Contents/Home/jre/classes, java.vendor=Oracle Corporation, org.gradle.test.worker=1, file.separator=/, java.vendor.url.bug=http://bugreport.sun.com/bugreport/, sun.io.unicode.encoding=UnicodeBig, sun.cpu.endian=little, socksNonProxyHosts=local|*.local|169.254/16|*.169.254/16, ftp.nonProxyHosts=local|*.local|169.254/16|*.169.254/16, sun.cpu.isalist=}}, SystemEnvironmentPropertySource@1404277654 {name='systemEnvironment', properties={PATH=/anaconda3/bin:/Library/Frameworks/Python.framework/Versions/2.7/bin:/Library/Frameworks/Python.framework/Versions/2.7/bin:/usr/local/bin:/usr/bin:/bin:/usr/sbin:/sbin:/Library/TeX/texbin:/opt/X11/bin, JAVA_ARCH=x86_64, APP_ICON_15701=/Users/amadeocharle/Desktop/SoPra/sopra-fs18-template-server/media/gradle.icns, JAVA_MAIN_CLASS_15701=org.gradle.wrapper.GradleWrapperMain, APP_NAME_15701=Gradle, TERM=xterm-256color, LANG=de_CH.UTF-8, DISPLAY=/private/tmp/com.apple.launchd.sXJlkn0YES/org.macosforge.xquartz:0, LOGNAME=amadeocharle, XPC_SERVICE_NAME=0, PWD=/Users/amadeocharle/Desktop/SoPra/sopra-fs18-template-server, TERM_PROGRAM_VERSION=400, SHELL=/bin/bash, TERM_PROGRAM=Apple_Terminal, JAVA_MAIN_CLASS_15712=worker.org.gradle.process.internal.worker.GradleWorkerMain, OLDPWD=/Users/amadeocharle, USER=amadeocharle, TMPDIR=/var/folders/zp/j8qgfqp16_nf30zyf8jrwww80000gn/T/, SSH_AUTH_SOCK=/private/tmp/com.apple.launchd.TiwjBtoY66/Listeners, XPC_FLAGS=0x0, TERM_SESSION_ID=92D3ED09-EE23-4709-99C3-8EA0C95E386E, __CF_USER_TEXT_ENCODING=0x1F5:0x0:0x13, Apple_PubSub_Socket_Render=/private/tmp/com.apple.launchd.wXgJ0Bcpny/Render, com.apple.java.jvmTask=CommandLine, SHLVL=1, HOME=/Users/amadeocharle}}]
16:02:02.599 [Test worker] DEBUG org.springframework.test.context.support.TestPropertySourceUtils - Adding inlined properties to environment: {spring.jmx.enabled=false, org.springframework.boot.test.context.SpringBootTestContextBootstrapper=true, server.port=-1}
16:02:02.604 [Test worker] DEBUG org.springframework.core.env.StandardEnvironment - Adding PropertySource 'Inlined Test Properties' with highest search precedence

  .   ____          _            __ _ _
 /\\ / ___'_ __ _ _(_)_ __  __ _ \ \ \ \
( ( )\___ | '_ | '_| | '_ \/ _` | \ \ \ \
 \\/  ___)| |_)| | | | | || (_| |  ) ) ) )
  '  |____| .__|_| |_|_| |_\__, | / / / /
 =========|_|==============|___/=/_/_/_/
 :: Spring Boot ::            (v2.0.0.RC1)

2018-03-15 16:02:03.209  INFO 15712 --- [    Test worker] c.u.i.s.s.service.UserServiceTest        : Starting UserServiceTest on public-docking-hg-1026.ethz.ch with PID 15712 (started by amadeocharle in /Users/amadeocharle/Desktop/SoPra/sopra-fs18-template-server)
2018-03-15 16:02:03.212  INFO 15712 --- [    Test worker] c.u.i.s.s.service.UserServiceTest        : No active profile set, falling back to default profiles: default
2018-03-15 16:02:03.364  INFO 15712 --- [    Test worker] o.s.w.c.s.GenericWebApplicationContext   : Refreshing org.springframework.web.context.support.GenericWebApplicationContext@6a614cff: startup date [Thu Mar 15 16:02:03 CET 2018]; root of context hierarchy
2018-03-15 16:02:05.740  INFO 15712 --- [    Test worker] trationDelegate$BeanPostProcessorChecker : Bean 'org.springframework.transaction.annotation.ProxyTransactionManagementConfiguration' of type [org.springframework.transaction.annotation.ProxyTransactionManagementConfiguration$$EnhancerBySpringCGLIB$$31831046] is not eligible for getting processed by all BeanPostProcessors (for example: not eligible for auto-proxying)
2018-03-15 16:02:06.179  INFO 15712 --- [    Test worker] com.zaxxer.hikari.HikariDataSource       : HikariPool-1 - Starting...
2018-03-15 16:02:06.576  INFO 15712 --- [    Test worker] com.zaxxer.hikari.HikariDataSource       : HikariPool-1 - Start completed.
2018-03-15 16:02:06.679  INFO 15712 --- [    Test worker] j.LocalContainerEntityManagerFactoryBean : Building JPA container EntityManagerFactory for persistence unit 'default'
2018-03-15 16:02:06.725  INFO 15712 --- [    Test worker] o.hibernate.jpa.internal.util.LogHelper  : HHH000204: Processing PersistenceUnitInfo [
	name: default
	...]
2018-03-15 16:02:06.876  INFO 15712 --- [    Test worker] org.hibernate.Version                    : HHH000412: Hibernate Core {5.2.12.Final}
2018-03-15 16:02:06.879  INFO 15712 --- [    Test worker] org.hibernate.cfg.Environment            : HHH000206: hibernate.properties not found
2018-03-15 16:02:06.965  INFO 15712 --- [    Test worker] o.hibernate.annotations.common.Version   : HCANN000001: Hibernate Commons Annotations {5.0.1.Final}
2018-03-15 16:02:07.287  INFO 15712 --- [    Test worker] org.hibernate.dialect.Dialect            : HHH000400: Using dialect: org.hibernate.dialect.H2Dialect
2018-03-15 16:02:08.621  INFO 15712 --- [    Test worker] o.h.t.schema.internal.SchemaCreatorImpl  : HHH000476: Executing import script 'org.hibernate.tool.schema.internal.exec.ScriptSourceInputNonExistentImpl@5818d8af'
2018-03-15 16:02:08.626  INFO 15712 --- [    Test worker] j.LocalContainerEntityManagerFactoryBean : Initialized JPA EntityManagerFactory for persistence unit 'default'
2018-03-15 16:02:10.656  INFO 15712 --- [    Test worker] s.w.s.m.m.a.RequestMappingHandlerAdapter : Looking for @ControllerAdvice: org.springframework.web.context.support.GenericWebApplicationContext@6a614cff: startup date [Thu Mar 15 16:02:03 CET 2018]; root of context hierarchy
2018-03-15 16:02:10.750  WARN 15712 --- [    Test worker] aWebConfiguration$JpaWebMvcConfiguration : spring.jpa.open-in-view is enabled by default. Therefore, database queries may be performed during view rendering. Explicitly configure spring.jpa.open-in-view to disable this warning
2018-03-15 16:02:10.819  INFO 15712 --- [    Test worker] s.w.s.m.m.a.RequestMappingHandlerMapping : Mapped "{[/games]}" onto public java.util.List<ch.uzh.ifi.seal.soprafs18.entity.Game> ch.uzh.ifi.seal.soprafs18.web.rest.GameResource.listGames()
2018-03-15 16:02:10.823  INFO 15712 --- [    Test worker] s.w.s.m.m.a.RequestMappingHandlerMapping : Mapped "{[/games/{gameId}]}" onto public ch.uzh.ifi.seal.soprafs18.entity.Game ch.uzh.ifi.seal.soprafs18.web.rest.GameResource.getGame(java.lang.Long)
2018-03-15 16:02:10.825  INFO 15712 --- [    Test worker] s.w.s.m.m.a.RequestMappingHandlerMapping : Mapped "{[/games/{gameId}/start],methods=[POST]}" onto public void ch.uzh.ifi.seal.soprafs18.web.rest.GameResource.startGame(java.lang.Long,java.lang.String)
2018-03-15 16:02:10.827  INFO 15712 --- [    Test worker] s.w.s.m.m.a.RequestMappingHandlerMapping : Mapped "{[/games],methods=[POST]}" onto public java.lang.String ch.uzh.ifi.seal.soprafs18.web.rest.GameResource.addGame(ch.uzh.ifi.seal.soprafs18.entity.Game,java.lang.String)
2018-03-15 16:02:10.829  INFO 15712 --- [    Test worker] s.w.s.m.m.a.RequestMappingHandlerMapping : Mapped "{[/games/{gameId}/stop],methods=[POST]}" onto public void ch.uzh.ifi.seal.soprafs18.web.rest.GameResource.stopGame(java.lang.Long,java.lang.String)
2018-03-15 16:02:10.830  INFO 15712 --- [    Test worker] s.w.s.m.m.a.RequestMappingHandlerMapping : Mapped "{[/games/{gameId}/move]}" onto public java.util.List<ch.uzh.ifi.seal.soprafs18.entity.Move> ch.uzh.ifi.seal.soprafs18.web.rest.GameResource.listMoves(java.lang.Long)
2018-03-15 16:02:10.832  INFO 15712 --- [    Test worker] s.w.s.m.m.a.RequestMappingHandlerMapping : Mapped "{[/games/{gameId}/move],methods=[POST]}" onto public void ch.uzh.ifi.seal.soprafs18.web.rest.GameResource.addMove(ch.uzh.ifi.seal.soprafs18.entity.Move)
2018-03-15 16:02:10.833  INFO 15712 --- [    Test worker] s.w.s.m.m.a.RequestMappingHandlerMapping : Mapped "{[/games/{gameId}/move/{moveId}]}" onto public ch.uzh.ifi.seal.soprafs18.entity.Move ch.uzh.ifi.seal.soprafs18.web.rest.GameResource.getMove(java.lang.Long,java.lang.Integer)
2018-03-15 16:02:10.836  INFO 15712 --- [    Test worker] s.w.s.m.m.a.RequestMappingHandlerMapping : Mapped "{[/games/{gameId}/player]}" onto public java.util.List<ch.uzh.ifi.seal.soprafs18.entity.User> ch.uzh.ifi.seal.soprafs18.web.rest.GameResource.listPlayers(java.lang.Long)
2018-03-15 16:02:10.837  INFO 15712 --- [    Test worker] s.w.s.m.m.a.RequestMappingHandlerMapping : Mapped "{[/games/{gameId}/player],methods=[POST]}" onto public java.lang.String ch.uzh.ifi.seal.soprafs18.web.rest.GameResource.addPlayer(java.lang.Long,java.lang.String)
2018-03-15 16:02:10.838  INFO 15712 --- [    Test worker] s.w.s.m.m.a.RequestMappingHandlerMapping : Mapped "{[/games/{gameId}/player/{playerId}]}" onto public ch.uzh.ifi.seal.soprafs18.entity.User ch.uzh.ifi.seal.soprafs18.web.rest.GameResource.getPlayer(java.lang.Long,java.lang.Integer)
2018-03-15 16:02:10.838  INFO 15712 --- [    Test worker] s.w.s.m.m.a.RequestMappingHandlerMapping : Mapped "{[/]}" onto public java.lang.String ch.uzh.ifi.seal.soprafs18.web.rest.IndexResource.index()
2018-03-15 16:02:10.842  INFO 15712 --- [    Test worker] s.w.s.m.m.a.RequestMappingHandlerMapping : Mapped "{[/users/{userId}/logout],methods=[POST]}" onto public void ch.uzh.ifi.seal.soprafs18.web.rest.UserResource.logout(java.lang.Long,java.lang.String)
2018-03-15 16:02:10.844  INFO 15712 --- [    Test worker] s.w.s.m.m.a.RequestMappingHandlerMapping : Mapped "{[/users],methods=[POST]}" onto public ch.uzh.ifi.seal.soprafs18.entity.User ch.uzh.ifi.seal.soprafs18.web.rest.UserResource.addUser(ch.uzh.ifi.seal.soprafs18.entity.User)
2018-03-15 16:02:10.845  INFO 15712 --- [    Test worker] s.w.s.m.m.a.RequestMappingHandlerMapping : Mapped "{[/users/{userId}/login],methods=[POST]}" onto public ch.uzh.ifi.seal.soprafs18.entity.User ch.uzh.ifi.seal.soprafs18.web.rest.UserResource.login(java.lang.Long)
2018-03-15 16:02:10.847  INFO 15712 --- [    Test worker] s.w.s.m.m.a.RequestMappingHandlerMapping : Mapped "{[/users/{userId}],methods=[GET]}" onto public java.util.Optional<ch.uzh.ifi.seal.soprafs18.entity.User> ch.uzh.ifi.seal.soprafs18.web.rest.UserResource.getUser(java.lang.Long)
2018-03-15 16:02:10.848  INFO 15712 --- [    Test worker] s.w.s.m.m.a.RequestMappingHandlerMapping : Mapped "{[/users],methods=[GET]}" onto public java.util.List<ch.uzh.ifi.seal.soprafs18.entity.User> ch.uzh.ifi.seal.soprafs18.web.rest.UserResource.listUsers()
2018-03-15 16:02:10.853  INFO 15712 --- [    Test worker] s.w.s.m.m.a.RequestMappingHandlerMapping : Mapped "{[/error]}" onto public org.springframework.http.ResponseEntity<java.util.Map<java.lang.String, java.lang.Object>> org.springframework.boot.autoconfigure.web.servlet.error.BasicErrorController.error(javax.servlet.http.HttpServletRequest)
2018-03-15 16:02:10.855  INFO 15712 --- [    Test worker] s.w.s.m.m.a.RequestMappingHandlerMapping : Mapped "{[/error],produces=[text/html]}" onto public org.springframework.web.servlet.ModelAndView org.springframework.boot.autoconfigure.web.servlet.error.BasicErrorController.errorHtml(javax.servlet.http.HttpServletRequest,javax.servlet.http.HttpServletResponse)
2018-03-15 16:02:10.922  INFO 15712 --- [    Test worker] o.s.w.s.handler.SimpleUrlHandlerMapping  : Mapped URL path [/webjars/**] onto handler of type [class org.springframework.web.servlet.resource.ResourceHttpRequestHandler]
2018-03-15 16:02:10.922  INFO 15712 --- [    Test worker] o.s.w.s.handler.SimpleUrlHandlerMapping  : Mapped URL path [/**] onto handler of type [class org.springframework.web.servlet.resource.ResourceHttpRequestHandler]
2018-03-15 16:02:10.992  INFO 15712 --- [    Test worker] o.s.w.s.handler.SimpleUrlHandlerMapping  : Mapped URL path [/**/favicon.ico] onto handler of type [class org.springframework.web.servlet.resource.ResourceHttpRequestHandler]
2018-03-15 16:02:11.357  INFO 15712 --- [    Test worker] c.u.i.s.s.service.UserServiceTest        : Started UserServiceTest in 8.723 seconds (JVM running for 11.122)
2018-03-15 16:02:11.565  INFO 15712 --- [    Test worker] o.h.h.i.QueryTranslatorFactoryInitiator  : HHH000397: Using ASTQueryTranslatorFactory
]]></system-out>
  <system-err><![CDATA[]]></system-err>
</testsuite>
